rs187328863_T
rs148553336_C
rs570618_G
rs10922109_A
rs35292876_T
rs121913059_T
rs61818925_T
rs191281603_G
rs11884770_T
rs62247658_C
rs140647181_C
rs55975637_A
rs10033900_C
rs141853578_T
rs114092250_A
rs62358361_T
rs116503776_A
rs144629244_A
rs181705462_T
rs114254831_G
rs943080_C
rs7803454_T
rs1142_T
rs79037040_G
rs71507014_G
rs10781182_T
rs1626340_A
rs2740488_C
rs12357257_A
rs3750846_C
rs3138141_A
rs61941274_A
rs9564692_T
rs61985136_C
rs2842339_G
rs2043085_T
rs2070895_A
rs17231506_T
rs5817082_CA
rs72802342_A
rs11080055_A
rs6565597_T
rs67538026_T
rs12019136_A
rs147859257_G
rs2230199_G
rs429358_C
rs73036519_C
rs142450006_T
rs201459901_TA
rs5754227_C
rs8135665_T
